<?xml version="1.0" encoding="UTF-8"?>
<!-- Generated by org.testng.reporters.JUnitXMLReporter -->
<testsuite hostname="DESKTOP-CBDRCRG" ignored="0" name="BankingApp Test" tests="2" failures="2" timestamp="2022-04-09T06:41:07 IST" time="134.478" errors="0">
  <testcase name="Login" time="50.919" classname="com.Inetbankingv2.testcases.Tc_001">
    <failure type="java.nio.file.AccessDeniedException" message="C:\Users\DELL\AppData\Local\Temp\screenshot8044971151622681677.png -&amp;gt; C:\Users\DELL\eclipse-workspace\MyFirstProject\Inetbankingv2\Screenshots\Login.png">
      <![CDATA[java.nio.file.AccessDeniedException: C:\Users\DELL\AppData\Local\Temp\screenshot8044971151622681677.png -> C:\Users\DELL\eclipse-workspace\MyFirstProject\Inetbankingv2\Screenshots\Login.png
at sun.nio.fs.WindowsException.translateToIOException(WindowsException.java:83)
at sun.nio.fs.WindowsException.rethrowAsIOException(WindowsException.java:97)
at sun.nio.fs.WindowsFileCopy.copy(WindowsFileCopy.java:205)
at sun.nio.fs.WindowsFileSystemProvider.copy(WindowsFileSystemProvider.java:278)
at java.nio.file.Files.copy(Files.java:1274)
at org.apache.commons.io.FileUtils.copyFile(FileUtils.java:850)
at org.apache.commons.io.FileUtils.copyFile(FileUtils.java:756)
at com.Inetbankingv2.testcases.Base1.captureScreen(Base1.java:71)
at com.Inetbankingv2.testcases.Tc_001.Login(Tc_001.java:38)
at java.util.ArrayList.forEach(ArrayList.java:1259)
... Removed 27 stack frames]]>
    </failure>
  </testcase> <!-- Login -->
  <testcase name="Login" time="51.055" classname="com.Inetbankingv2.testcases.Tc_001">
    <failure type="java.lang.NullPointerException">
      <![CDATA[java.lang.NullPointerException
at com.inetbanking.utilities.Reporting.onTestFailure(Reporting.java:67)
at java.util.ArrayList.forEach(ArrayList.java:1259)
... Removed 24 stack frames]]>
    </failure>
  </testcase> <!-- Login -->
</testsuite> <!-- BankingApp Test -->
