<?xml version="1.0" encoding="UTF-8"?>
<testng-results ignored="0" total="0" passed="0" failed="0" skipped="0">
  <reporter-output>
  </reporter-output>
  <suite started-at="2022-04-04T14:51:38 IST" name="Inetbankingv2" finished-at="2022-04-04T14:51:38 IST" duration-ms="609">
    <groups>
    </groups>
    <test started-at="2022-04-04T14:51:38 IST" name="BankingApp Test" finished-at="2022-04-04T14:51:38 IST" duration-ms="609">
    </test> <!-- BankingApp Test -->
  </suite> <!-- Inetbankingv2 -->
</testng-results>
