<?xml version="1.0" encoding="UTF-8"?>
<!-- Generated by org.testng.reporters.JUnitXMLReporter -->
<testsuite hostname="DESKTOP-CBDRCRG" ignored="0" name="BankingApp Test" tests="2" failures="2" timestamp="2022-04-06T06:56:55 IST" time="111.354" errors="0">
  <testcase name="Login" time="62.293" classname="com.Inetbankingv2.testcases.Tc_001">
    <failure type="java.lang.AssertionError" message="expected [true] but found [false]">
      <![CDATA[java.lang.AssertionError: expected [true] but found [false]
at com.Inetbankingv2.testcases.Tc_001.Login(Tc_001.java:39)
at java.util.ArrayList.forEach(ArrayList.java:1259)
... Removed 35 stack frames]]>
    </failure>
  </testcase> <!-- Login -->
  <testcase name="Login" time="62.443" classname="com.Inetbankingv2.testcases.Tc_001">
    <failure type="java.lang.NullPointerException">
      <![CDATA[java.lang.NullPointerException
at com.inetbanking.utilities.Reporting.onTestFailure(Reporting.java:67)
at java.util.ArrayList.forEach(ArrayList.java:1259)
... Removed 28 stack frames]]>
    </failure>
  </testcase> <!-- Login -->
</testsuite> <!-- BankingApp Test -->
